2024-12-19T19:50:29.275Z [INFO]: Server is running on http://localhost:3000
2024-12-19T20:30:12.785Z [INFO]: Server is running on http://localhost:3000
2024-12-19T20:30:14.119Z [INFO]: Connected to MongoDB
2024-12-19T20:32:03.108Z [INFO]: Server is running on http://localhost:3000
2024-12-19T20:32:04.350Z [INFO]: Connected to MongoDB
2024-12-19T20:32:22.537Z [WARN]: Unauthorised: undefined
2024-12-19T20:34:07.051Z [INFO]: Server is running on http://localhost:3000
2024-12-19T20:34:08.505Z [INFO]: Connected to MongoDB
2024-12-19T20:34:14.001Z [WARN]: Unauthorised: undefined
2024-12-19T20:36:12.791Z [INFO]: Server is running on http://localhost:4000
2024-12-19T20:36:14.033Z [INFO]: Connected to MongoDB
2024-12-19T20:36:19.782Z [WARN]: Unauthorised: undefined
2024-12-19T20:36:59.938Z [INFO]: Server is running on http://localhost:4000
2024-12-19T20:37:00.949Z [INFO]: Connected to MongoDB
2024-12-19T20:37:55.772Z [WARN]: Unauthorised: undefined
2024-12-19T20:38:53.568Z [INFO]: Server is running on http://localhost:4000
2024-12-19T20:38:55.020Z [INFO]: Connected to MongoDB
2024-12-19T20:38:59.753Z [WARN]: Unauthorised: undefined
2024-12-19T20:40:17.116Z [INFO]: Server is running on http://localhost:4000
2024-12-19T20:40:18.629Z [INFO]: Connected to MongoDB
2024-12-19T20:40:21.569Z [ERROR]: Error generating session: Right side of assignment cannot be destructured
2024-12-19T20:41:56.523Z [INFO]: Server is running on http://localhost:4000
2024-12-19T20:41:57.939Z [INFO]: Connected to MongoDB
2024-12-19T20:42:02.439Z [WARN]: Unauthorised: undefined
2024-12-19T20:42:43.108Z [INFO]: Server is running on http://localhost:4000
2024-12-19T20:42:44.224Z [INFO]: Connected to MongoDB
2024-12-19T20:42:48.925Z [WARN]: Unauthorised: undefined
2024-12-19T20:42:48.928Z [ERROR]: Error generating session: Cannot set headers after they are sent to the client
2024-12-19T20:43:26.102Z [INFO]: Authorised: john.doe@yopmail.com
2024-12-19T20:43:26.104Z [ERROR]: Error generating session: Cannot set headers after they are sent to the client
2024-12-19T20:44:07.471Z [INFO]: Server is running on http://localhost:4000
2024-12-19T20:44:08.658Z [INFO]: Connected to MongoDB
2024-12-19T20:44:10.688Z [WARN]: Unauthorised: undefined
2024-12-19T20:44:10.690Z [ERROR]: Error generating session: Cannot set headers after they are sent to the client
2024-12-19T20:44:55.918Z [INFO]: Server is running on http://localhost:4000
2024-12-19T20:44:56.902Z [INFO]: Connected to MongoDB
2024-12-19T20:45:00.803Z [WARN]: Unauthorised: undefined
2024-12-19T20:45:00.805Z [ERROR]: Error generating session: Cannot set headers after they are sent to the client
2024-12-19T20:45:45.941Z [WARN]: Unauthorised: undefined
2024-12-19T20:45:45.951Z [ERROR]: Error generating session: Cannot set headers after they are sent to the client
2024-12-19T20:45:52.366Z [WARN]: Unauthorised: undefined
2024-12-19T20:45:52.367Z [ERROR]: Error generating session: Cannot set headers after they are sent to the client
2024-12-19T20:48:07.882Z [INFO]: Server is running on http://localhost:4000
2024-12-19T20:48:09.183Z [INFO]: Connected to MongoDB
2024-12-19T20:48:13.630Z [WARN]: Unauthorised: undefined
2024-12-19T20:48:13.634Z [ERROR]: Error generating session: Cannot set headers after they are sent to the client
2024-12-19T20:50:45.801Z [INFO]: Server is running on http://localhost:4000
2024-12-19T20:50:47.163Z [INFO]: Connected to MongoDB
2024-12-19T20:50:49.002Z [WARN]: Unauthorised: undefined
2024-12-19T20:51:15.108Z [INFO]: Server is running on http://localhost:4000
2024-12-19T20:51:16.117Z [INFO]: Connected to MongoDB
2024-12-19T20:51:18.033Z [WARN]: Unauthorised: undefined
2024-12-19T20:53:01.880Z [INFO]: Server is running on http://localhost:4000
2024-12-19T20:53:03.101Z [INFO]: Connected to MongoDB
2024-12-19T20:53:04.357Z [WARN]: Unauthorised: undefined
2024-12-19T20:53:17.345Z [INFO]: Server is running on http://localhost:4000
2024-12-19T20:53:18.235Z [INFO]: Connected to MongoDB
2024-12-19T20:53:19.591Z [WARN]: Unauthorised: undefined
2024-12-19T20:54:14.368Z [INFO]: Server is running on http://localhost:4000
2024-12-19T20:54:15.515Z [INFO]: Connected to MongoDB
2024-12-19T20:54:18.003Z [WARN]: Unauthorised: undefined
2024-12-19T20:55:57.230Z [INFO]: Server is running on http://localhost:4000
2024-12-19T20:55:58.735Z [INFO]: Connected to MongoDB
2024-12-19T20:56:01.721Z [ERROR]: Error generating session: Can't find variable: emails
2024-12-19T20:56:22.255Z [INFO]: Server is running on http://localhost:4000
2024-12-19T20:56:23.210Z [INFO]: Connected to MongoDB
2024-12-19T20:56:27.719Z [WARN]: Unauthorised: undefined
2024-12-19T20:58:22.656Z [INFO]: Server is running on http://localhost:4000
2024-12-19T20:58:24.211Z [INFO]: Connected to MongoDB
2024-12-19T20:58:25.677Z [WARN]: Unauthorised: undefined
2024-12-19T21:09:13.508Z [INFO]: Server is running on http://localhost:4000
2024-12-19T21:09:14.926Z [INFO]: Connected to MongoDB
2024-12-19T21:09:46.697Z [INFO]: Server is running on http://localhost:4000
2024-12-19T21:09:47.752Z [INFO]: Connected to MongoDB
2024-12-19T21:09:51.200Z [INFO]: Authorised: john.doe@yopmail.com
2024-12-19T21:12:11.068Z [WARN]: Attendee not found: undefined
2024-12-19T21:12:29.872Z [WARN]: Attendee not found: undefined
2024-12-19T21:13:14.351Z [INFO]: Server is running on http://localhost:4000
2024-12-19T21:13:15.954Z [INFO]: Connected to MongoDB
2024-12-19T21:13:19.525Z [WARN]: Attendee not found: 67643a8debcf0d44365bbf6f
2024-12-19T21:14:11.409Z [INFO]: Server is running on http://localhost:4000
2024-12-19T21:14:12.724Z [INFO]: Connected to MongoDB
2024-12-19T21:18:17.869Z [INFO]: Server is running on http://localhost:4000
2024-12-19T21:18:23.234Z [INFO]: Authorised: john.doe@yopmail.com
2024-12-19T21:18:27.897Z [ERROR]: Error retrieving attendee: undefined is not an object (evaluating 'db.collection')
2024-12-19T21:18:36.732Z [ERROR]: Error retrieving all attendees: undefined is not an object (evaluating 'db.collection')
2024-12-19T21:20:35.178Z [INFO]: Server is running on http://localhost:4000
2024-12-19T21:20:55.163Z [ERROR]: Error retrieving all attendees: undefined is not an object (evaluating 'db.collection')
2024-12-19T21:28:51.571Z [INFO]: Server is running on http://localhost:4000
2024-12-19T21:29:12.689Z [ERROR]: Error retrieving all attendees: Can't find variable: collection
2024-12-19T21:30:10.124Z [INFO]: Server is running on http://localhost:4000
2024-12-19T21:30:21.698Z [INFO]: Server is running on http://localhost:4000
2024-12-19T21:30:26.455Z [ERROR]: Error retrieving all attendees: Can't find variable: collection
2024-12-19T21:32:20.878Z [INFO]: Server is running on http://localhost:4000
2024-12-19T21:32:53.380Z [INFO]: Server is running on http://localhost:4000
2024-12-19T21:33:34.105Z [INFO]: Server is running on http://localhost:4000
2024-12-19T21:34:35.819Z [INFO]: Attendee retrieved: 67643a8debcf0d44365bbf70
2024-12-19T21:37:17.407Z [ERROR]: Error updating attendee: codes.includes is not a function. (In 'codes.includes(requested_by)', 'codes.includes' is undefined)
2024-12-19T21:38:37.211Z [INFO]: Server is running on http://localhost:4000
2024-12-19T21:38:41.703Z [WARN]: Invalid parameters for updating attendee 67643a8debcf0d44365bbf70 requested by undefined
2024-12-19T21:38:47.945Z [WARN]: Invalid parameters for updating attendee 67643a8debcf0d44365bbf70 requested by undefined
2024-12-19T21:38:52.061Z [WARN]: Invalid parameters for updating attendee 67643a8debcf0d44365bbf70 requested by undefined
2024-12-19T21:40:05.884Z [INFO]: Server is running on http://localhost:4000
2024-12-19T21:40:11.200Z [WARN]: Invalid parameters for updating attendee 67643a8debcf0d44365bbf70 requested by undefined
2024-12-19T21:40:24.807Z [WARN]: Invalid parameters for updating attendee 67643a8debcf0d44365bbf70 requested by undefined
2024-12-19T21:42:23.164Z [WARN]: Invalid parameters for updating attendee 67643a8debcf0d44365bbf70 requested by undefined
2024-12-19T21:42:27.185Z [WARN]: Invalid parameters for updating attendee 67643a8debcf0d44365bbf70 requested by undefined
2024-12-19T21:42:31.346Z [INFO]: Server is running on http://localhost:4000
2024-12-19T21:42:34.979Z [WARN]: Invalid parameters for updating attendee 67643a8debcf0d44365bbf70 requested by undefined
2024-12-19T21:44:02.602Z [INFO]: Server is running on http://localhost:4000
2024-12-19T21:44:05.818Z [ERROR]: Error updating attendee: Can't find variable: check_in
2024-12-19T21:45:18.036Z [INFO]: Server is running on http://localhost:4000
2024-12-19T21:45:22.308Z [ERROR]: Error updating attendee: Can't find variable: check_in
2024-12-19T21:46:17.015Z [ERROR]: Error updating attendee: Can't find variable: check_in
2024-12-19T21:46:27.186Z [INFO]: Server is running on http://localhost:4000
2024-12-19T21:46:29.851Z [ERROR]: Error updating attendee: Can't find variable: check_in
2024-12-19T21:47:23.197Z [ERROR]: Error updating attendee: Can't find variable: check_in
2024-12-20T15:59:44.744Z [INFO]: Server is running on http://localhost:4000
2024-12-20T16:01:33.684Z [INFO]: Server is running on http://localhost:4000
2024-12-20T16:27:57.940Z [INFO]: Server is running on http://localhost:4000
